<?xml version="1.0" encoding="UTF-8"?>
<!-- Generated by org.testng.reporters.JUnitXMLReporter -->
<testsuite ignored="0" hostname="MacBook-Pro-Munisa.local" failures="0" tests="1" name="/Users/munisaazimkhodjaeva/IntelliJ IDEA/Java_Programming/iTechArt_AQA/Labs/Lecture12/iTechArt.Lab12.HW/src/main/java/org/BuyPageTests.java" time="122.895" errors="0" timestamp="2023-02-16T22:40:38 UZT">
  <testcase classname="org.BuyPageTests" name="BuyPageTestsRun" time="111.7"/>
</testsuite> <!-- /Users/munisaazimkhodjaeva/IntelliJ IDEA/Java_Programming/iTechArt_AQA/Labs/Lecture12/iTechArt.Lab12.HW/src/main/java/org/BuyPageTests.java -->
