<?xml version="1.0" encoding="UTF-8"?>
<testng-results ignored="0" total="0" passed="0" failed="0" skipped="0">
  <reporter-output>
  </reporter-output>
  <suite started-at="2023-02-16T18:11:10 UZT" name="All Test Suite" finished-at="2023-02-16T18:11:10 UZT" duration-ms="9">
    <groups>
    </groups>
    <test started-at="2023-02-16T18:11:10 UZT" name="/Users/munisaazimkhodjaeva/IntelliJ IDEA/Java_Programming/iTechArt_AQA/Labs/Lecture12/iTechArt.Lab12.Lecture/src/test/java/Logfile/Test.java" finished-at="2023-02-16T18:11:10 UZT" duration-ms="9">
    </test> <!-- /Users/munisaazimkhodjaeva/IntelliJ IDEA/Java_Programming/iTechArt_AQA/Labs/Lecture12/iTechArt.Lab12.Lecture/src/test/java/Logfile/Test.java -->
  </suite> <!-- All Test Suite -->
</testng-results>
